Arguments: 
  /usr/local/Cellar/node/11.12.0/bin/node /usr/local/Cellar/yarn/1.15.2/libexec/bin/yarn.js add style-loader css-loader -D

PATH: 
  /usr/local/bin:/usr/bin:/bin:/usr/sbin:/sbin:/Users/leonardoleite/Android/Sdk/tools:/Users/leonardoleite/Android/Sdk/platform-tools:/Users/leonardoleite/Android/Sdk/tools:/Users/leonardoleite/Android/Sdk/platform-tools

Yarn version: 
  1.15.2

Node version: 
  11.12.0

Platform: 
  darwin x64

Trace: 
  Error: https://registry.yarnpkg.com/prop-types: ETIMEDOUT
      at Timeout._onTimeout (/usr/local/Cellar/yarn/1.15.2/libexec/lib/cli.js:130201:19)
      at listOnTimeout (timers.js:327:15)
      at processTimers (timers.js:271:5)

npm manifest: 
  {
    "name": "Modulo1",
    "version": "1.0.0",
    "description": "",
    "main": "index.js",
    "scripts": {
      "dev": "webpack-dev-server --mode development"
    },
    "keywords": [],
    "author": "",
    "license": "ISC",
    "dependencies": {
      "prop-types": "^15.7.2",
      "react": "^16.8.4",
      "react-dom": "^16.8.4"
    },
    "devDependencies": {
      "@babel/core": "^7.4.0",
      "@babel/plugin-proposal-class-properties": "^7.4.0",
      "@babel/preset-env": "^7.4.1",
      "@babel/preset-react": "^7.0.0",
      "babel-loader": "^8.0.5",
      "webpack": "^4.29.6",
      "webpack-cli": "^3.3.0",
      "webpack-dev-server": "^3.2.1"
    }
  }

yarn manifest: 
  No manifest

Lockfile: 
  No lockfile
